<?xml version="1.0" encoding="UTF-8"?>
<testng-results total="8" passed="6" failed="2" skipped="0">
  <reporter-output>
  </reporter-output>
  <suite started-at="2020-02-19T07:02:03Z" name="Default suite" finished-at="2020-02-19T07:06:30Z" duration-ms="267052">
    <groups>
      <group name="InvalidLoginScenarios">
        <method signature="LoginTestcases.BlankCredTest()[pri:0, instance:com.boral.qa.testcases.LoginTestcases@6ab778a]" name="BlankCredTest" class="com.boral.qa.testcases.LoginTestcases"/>
        <method signature="LoginTestcases.BlankPasswordTest()[pri:0, instance:com.boral.qa.testcases.LoginTestcases@6ab778a]" name="BlankPasswordTest" class="com.boral.qa.testcases.LoginTestcases"/>
        <method signature="LoginTestcases.BlankUsernameTest()[pri:0, instance:com.boral.qa.testcases.LoginTestcases@6ab778a]" name="BlankUsernameTest" class="com.boral.qa.testcases.LoginTestcases"/>
        <method signature="LoginTestcases.WrongPasswordTest()[pri:0, instance:com.boral.qa.testcases.LoginTestcases@6ab778a]" name="WrongPasswordTest" class="com.boral.qa.testcases.LoginTestcases"/>
        <method signature="LoginTestcases.WrongUsernameTest()[pri:0, instance:com.boral.qa.testcases.LoginTestcases@6ab778a]" name="WrongUsernameTest" class="com.boral.qa.testcases.LoginTestcases"/>
      </group> <!-- InvalidLoginScenarios -->
      <group name="ValidLoginScenarios">
        <method signature="LoginTestcases.LoginTest(java.lang.String, java.lang.String)[pri:0, instance:com.boral.qa.testcases.LoginTestcases@6ab778a]" name="LoginTest" class="com.boral.qa.testcases.LoginTestcases"/>
      </group> <!-- ValidLoginScenarios -->
    </groups>
    <test started-at="2020-02-19T07:02:03Z" name="Default test" finished-at="2020-02-19T07:06:30Z" duration-ms="267052">
      <class name="com.boral.qa.testcases.LoginTestcases">
        <test-method is-config="true" signature="setup()[pri:0, instance:com.boral.qa.testcases.LoginTestcases@6ab778a]" started-at="2020-02-19T12:33:31Z" name="setup" finished-at="2020-02-19T12:33:46Z" duration-ms="14853" status="PASS">
          <reporter-output>
          </reporter-output>
        </test-method> <!-- setup -->
        <test-method signature="BlankCredTest()[pri:0, instance:com.boral.qa.testcases.LoginTestcases@6ab778a]" started-at="2020-02-19T12:33:46Z" name="BlankCredTest" finished-at="2020-02-19T12:33:46Z" duration-ms="326" status="PASS">
          <reporter-output>
          </reporter-output>
        </test-method> <!-- BlankCredTest -->
        <test-method is-config="true" signature="end()[pri:0, instance:com.boral.qa.testcases.LoginTestcases@6ab778a]" started-at="2020-02-19T12:33:46Z" name="end" finished-at="2020-02-19T12:33:47Z" duration-ms="1364" status="PASS">
          <reporter-output>
          </reporter-output>
        </test-method> <!-- end -->
        <test-method is-config="true" signature="setup()[pri:0, instance:com.boral.qa.testcases.LoginTestcases@6ab778a]" started-at="2020-02-19T12:33:47Z" name="setup" finished-at="2020-02-19T12:34:01Z" duration-ms="13316" status="PASS">
          <reporter-output>
          </reporter-output>
        </test-method> <!-- setup -->
        <test-method signature="BlankPasswordTest()[pri:0, instance:com.boral.qa.testcases.LoginTestcases@6ab778a]" started-at="2020-02-19T12:34:01Z" name="BlankPasswordTest" finished-at="2020-02-19T12:34:08Z" duration-ms="7381" status="PASS">
          <reporter-output>
          </reporter-output>
        </test-method> <!-- BlankPasswordTest -->
        <test-method is-config="true" signature="end()[pri:0, instance:com.boral.qa.testcases.LoginTestcases@6ab778a]" started-at="2020-02-19T12:34:08Z" name="end" finished-at="2020-02-19T12:34:09Z" duration-ms="1344" status="PASS">
          <reporter-output>
          </reporter-output>
        </test-method> <!-- end -->
        <test-method is-config="true" signature="setup()[pri:0, instance:com.boral.qa.testcases.LoginTestcases@6ab778a]" started-at="2020-02-19T12:34:09Z" name="setup" finished-at="2020-02-19T12:34:24Z" duration-ms="14301" status="PASS">
          <reporter-output>
          </reporter-output>
        </test-method> <!-- setup -->
        <test-method signature="BlankUsernameTest()[pri:0, instance:com.boral.qa.testcases.LoginTestcases@6ab778a]" started-at="2020-02-19T12:34:24Z" name="BlankUsernameTest" finished-at="2020-02-19T12:34:24Z" duration-ms="602" status="PASS">
          <reporter-output>
          </reporter-output>
        </test-method> <!-- BlankUsernameTest -->
        <test-method is-config="true" signature="end()[pri:0, instance:com.boral.qa.testcases.LoginTestcases@6ab778a]" started-at="2020-02-19T12:34:24Z" name="end" finished-at="2020-02-19T12:34:26Z" duration-ms="1665" status="PASS">
          <reporter-output>
          </reporter-output>
        </test-method> <!-- end -->
        <test-method is-config="true" signature="setup()[pri:0, instance:com.boral.qa.testcases.LoginTestcases@6ab778a]" started-at="2020-02-19T12:34:26Z" name="setup" finished-at="2020-02-19T12:34:40Z" duration-ms="13781" status="PASS">
          <reporter-output>
          </reporter-output>
        </test-method> <!-- setup -->
        <test-method signature="WrongPasswordTest()[pri:0, instance:com.boral.qa.testcases.LoginTestcases@6ab778a]" started-at="2020-02-19T12:34:40Z" name="WrongPasswordTest" finished-at="2020-02-19T12:34:51Z" duration-ms="10807" status="PASS">
          <reporter-output>
          </reporter-output>
        </test-method> <!-- WrongPasswordTest -->
        <test-method is-config="true" signature="end()[pri:0, instance:com.boral.qa.testcases.LoginTestcases@6ab778a]" started-at="2020-02-19T12:34:51Z" name="end" finished-at="2020-02-19T12:34:52Z" duration-ms="1516" status="PASS">
          <reporter-output>
          </reporter-output>
        </test-method> <!-- end -->
        <test-method is-config="true" signature="setup()[pri:0, instance:com.boral.qa.testcases.LoginTestcases@6ab778a]" started-at="2020-02-19T12:34:52Z" name="setup" finished-at="2020-02-19T12:35:07Z" duration-ms="14393" status="PASS">
          <reporter-output>
          </reporter-output>
        </test-method> <!-- setup -->
        <test-method signature="WrongUsernameTest()[pri:0, instance:com.boral.qa.testcases.LoginTestcases@6ab778a]" started-at="2020-02-19T12:35:07Z" name="WrongUsernameTest" finished-at="2020-02-19T12:35:10Z" duration-ms="3431" status="PASS">
          <reporter-output>
          </reporter-output>
        </test-method> <!-- WrongUsernameTest -->
        <test-method is-config="true" signature="end()[pri:0, instance:com.boral.qa.testcases.LoginTestcases@6ab778a]" started-at="2020-02-19T12:35:10Z" name="end" finished-at="2020-02-19T12:35:11Z" duration-ms="1356" status="PASS">
          <reporter-output>
          </reporter-output>
        </test-method> <!-- end -->
        <test-method is-config="true" signature="setup()[pri:0, instance:com.boral.qa.testcases.LoginTestcases@6ab778a]" started-at="2020-02-19T12:35:11Z" name="setup" finished-at="2020-02-19T12:35:26Z" duration-ms="14598" status="PASS">
          <reporter-output>
          </reporter-output>
        </test-method> <!-- setup -->
        <test-method signature="LoginTest(java.lang.String, java.lang.String)[pri:0, instance:com.boral.qa.testcases.LoginTestcases@6ab778a]" started-at="2020-02-19T12:35:26Z" name="LoginTest" data-provider="getExcelData" finished-at="2020-02-19T12:35:46Z" duration-ms="20533" status="PASS">
          <params>
            <param index="0">
              <value>
                <![CDATA[ashwini.nayak@boral.com.au]]>
              </value>
            </param>
            <param index="1">
              <value>
                <![CDATA[Passw0rd!]]>
              </value>
            </param>
          </params>
          <reporter-output>
          </reporter-output>
        </test-method> <!-- LoginTest -->
        <test-method is-config="true" signature="end()[pri:0, instance:com.boral.qa.testcases.LoginTestcases@6ab778a]" started-at="2020-02-19T12:35:46Z" name="end" finished-at="2020-02-19T12:35:48Z" duration-ms="1211" status="PASS">
          <reporter-output>
          </reporter-output>
        </test-method> <!-- end -->
        <test-method is-config="true" signature="setup()[pri:0, instance:com.boral.qa.testcases.LoginTestcases@6ab778a]" started-at="2020-02-19T12:35:48Z" name="setup" finished-at="2020-02-19T12:36:03Z" duration-ms="15221" status="PASS">
          <reporter-output>
          </reporter-output>
        </test-method> <!-- setup -->
        <test-method signature="LoginTest(java.lang.String, java.lang.String)[pri:0, instance:com.boral.qa.testcases.LoginTestcases@6ab778a]" started-at="2020-02-19T12:36:03Z" name="LoginTest" data-provider="getExcelData" finished-at="2020-02-19T12:36:28Z" duration-ms="25003" status="FAIL">
          <params>
            <param index="0">
              <value>
                <![CDATA[chauhan.ashutosh@boral.com.au]]>
              </value>
            </param>
            <param index="1">
              <value>
                <![CDATA[Ashu@1980]]>
              </value>
            </param>
          </params>
          <exception class="org.openqa.selenium.NoSuchElementException">
            <message>
              <![CDATA[Cannot locate an element using id=select-buIdSelected
For documentation on this error, please visit: http://seleniumhq.org/exceptions/no_such_element.html
Build info: version: '3.141.0', revision: '2ecb7d9a', time: '2018-10-31T20:09:30'
System info: host: 'INPUSCLP05488', ip: '10.53.136.37', os.name: 'Windows 10', os.arch: 'amd64', os.version: '10.0', java.version: '10.0.1'
Driver info: driver.version: RemoteWebDriver]]>
            </message>
            <full-stacktrace>
              <![CDATA[org.openqa.selenium.NoSuchElementException: Cannot locate an element using id=select-buIdSelected
For documentation on this error, please visit: http://seleniumhq.org/exceptions/no_such_element.html
Build info: version: '3.141.0', revision: '2ecb7d9a', time: '2018-10-31T20:09:30'
System info: host: 'INPUSCLP05488', ip: '10.53.136.37', os.name: 'Windows 10', os.arch: 'amd64', os.version: '10.0', java.version: '10.0.1'
Driver info: driver.version: RemoteWebDriver
	at org.openqa.selenium.remote.RemoteWebDriver.findElement(RemoteWebDriver.java:327)
	at org.openqa.selenium.remote.RemoteWebDriver.findElementById(RemoteWebDriver.java:372)
	at org.openqa.selenium.By$ById.findElement(By.java:188)
	at org.openqa.selenium.remote.RemoteWebDriver.findElement(RemoteWebDriver.java:315)
	at org.openqa.selenium.support.pagefactory.DefaultElementLocator.findElement(DefaultElementLocator.java:69)
	at org.openqa.selenium.support.pagefactory.internal.LocatingElementHandler.invoke(LocatingElementHandler.java:38)
	at com.sun.proxy.$Proxy13.click(Unknown Source)
	at com.boral.qa.pages.LoginPage.Login(LoginPage.java:62)
	at com.boral.qa.testcases.LoginTestcases.LoginTest(LoginTestcases.java:51)
	at java.base/jdk.internal.reflect.NativeMethodAccessorImpl.invoke0(Native Method)
	at java.base/jdk.internal.reflect.NativeMethodAccessorImpl.invoke(Unknown Source)
	at java.base/jdk.internal.reflect.DelegatingMethodAccessorImpl.invoke(Unknown Source)
	at java.base/java.lang.reflect.Method.invoke(Unknown Source)
	at org.testng.internal.MethodInvocationHelper.invokeMethod(MethodInvocationHelper.java:80)
	at org.testng.internal.Invoker.invokeMethod(Invoker.java:714)
	at org.testng.internal.Invoker.invokeTestMethod(Invoker.java:901)
	at org.testng.internal.Invoker.invokeTestMethods(Invoker.java:1231)
	at org.testng.internal.TestMethodWorker.invokeTestMethods(TestMethodWorker.java:127)
	at org.testng.internal.TestMethodWorker.run(TestMethodWorker.java:111)
	at org.testng.TestRunner.privateRun(TestRunner.java:767)
	at org.testng.TestRunner.run(TestRunner.java:617)
	at org.testng.SuiteRunner.runTest(SuiteRunner.java:334)
	at org.testng.SuiteRunner.runSequentially(SuiteRunner.java:329)
	at org.testng.SuiteRunner.privateRun(SuiteRunner.java:291)
	at org.testng.SuiteRunner.run(SuiteRunner.java:240)
	at org.testng.SuiteRunnerWorker.runSuite(SuiteRunnerWorker.java:52)
	at org.testng.SuiteRunnerWorker.run(SuiteRunnerWorker.java:86)
	at org.testng.TestNG.runSuitesSequentially(TestNG.java:1198)
	at org.testng.TestNG.runSuitesLocally(TestNG.java:1123)
	at org.testng.TestNG.run(TestNG.java:1031)
	at org.testng.remote.AbstractRemoteTestNG.run(AbstractRemoteTestNG.java:132)
	at org.testng.remote.RemoteTestNG.initAndRun(RemoteTestNG.java:236)
	at org.testng.remote.RemoteTestNG.main(RemoteTestNG.java:81)
]]>
            </full-stacktrace>
          </exception> <!-- org.openqa.selenium.NoSuchElementException -->
          <reporter-output>
          </reporter-output>
        </test-method> <!-- LoginTest -->
        <test-method is-config="true" signature="end()[pri:0, instance:com.boral.qa.testcases.LoginTestcases@6ab778a]" started-at="2020-02-19T12:36:28Z" name="end" finished-at="2020-02-19T12:36:28Z" duration-ms="0" status="FAIL">
          <exception class="org.openqa.selenium.WebDriverException">
            <message>
              <![CDATA[chrome not reachable
  (Session info: chrome=80.0.3987.116)
  (Driver info: chromedriver=2.44.609538 (b655c5a60b0b544917107a59d4153d4bf78e1b90),platform=Windows NT 10.0.17763 x86_64) (WARNING: The server did not provide any stacktrace information)
Command duration or timeout: 0 milliseconds
Build info: version: '3.141.0', revision: '2ecb7d9a', time: '2018-10-31T20:09:30'
System info: host: 'INPUSCLP05488', ip: '10.53.136.37', os.name: 'Windows 10', os.arch: 'amd64', os.version: '10.0', java.version: '10.0.1'
Driver info: org.openqa.selenium.chrome.ChromeDriver
Capabilities {acceptInsecureCerts: false, acceptSslCerts: false, applicationCacheEnabled: false, browserConnectionEnabled: false, browserName: chrome, chrome: {chromedriverVersion: 2.44.609538 (b655c5a60b0b54..., userDataDir: C:\Users\NM0050~1\AppData\L...}, cssSelectorsEnabled: true, databaseEnabled: false, goog:chromeOptions: {debuggerAddress: localhost:59191}, handlesAlerts: true, hasTouchScreen: false, javascriptEnabled: true, locationContextEnabled: true, mobileEmulationEnabled: false, nativeEvents: true, networkConnectionEnabled: false, pageLoadStrategy: normal, platform: XP, platformName: XP, rotatable: false, setWindowRect: true, takesHeapSnapshot: true, takesScreenshot: true, unexpectedAlertBehaviour: ignore, unhandledPromptBehavior: ignore, version: 80.0.3987.116, webStorageEnabled: true}
Session ID: e2dd865b3a216a7406d5a1560ceb1ed0]]>
            </message>
            <full-stacktrace>
              <![CDATA[org.openqa.selenium.WebDriverException: chrome not reachable
  (Session info: chrome=80.0.3987.116)
  (Driver info: chromedriver=2.44.609538 (b655c5a60b0b544917107a59d4153d4bf78e1b90),platform=Windows NT 10.0.17763 x86_64) (WARNING: The server did not provide any stacktrace information)
Command duration or timeout: 0 milliseconds
Build info: version: '3.141.0', revision: '2ecb7d9a', time: '2018-10-31T20:09:30'
System info: host: 'INPUSCLP05488', ip: '10.53.136.37', os.name: 'Windows 10', os.arch: 'amd64', os.version: '10.0', java.version: '10.0.1'
Driver info: org.openqa.selenium.chrome.ChromeDriver
Capabilities {acceptInsecureCerts: false, acceptSslCerts: false, applicationCacheEnabled: false, browserConnectionEnabled: false, browserName: chrome, chrome: {chromedriverVersion: 2.44.609538 (b655c5a60b0b54..., userDataDir: C:\Users\NM0050~1\AppData\L...}, cssSelectorsEnabled: true, databaseEnabled: false, goog:chromeOptions: {debuggerAddress: localhost:59191}, handlesAlerts: true, hasTouchScreen: false, javascriptEnabled: true, locationContextEnabled: true, mobileEmulationEnabled: false, nativeEvents: true, networkConnectionEnabled: false, pageLoadStrategy: normal, platform: XP, platformName: XP, rotatable: false, setWindowRect: true, takesHeapSnapshot: true, takesScreenshot: true, unexpectedAlertBehaviour: ignore, unhandledPromptBehavior: ignore, version: 80.0.3987.116, webStorageEnabled: true}
Session ID: e2dd865b3a216a7406d5a1560ceb1ed0
	at java.base/jdk.internal.reflect.NativeConstructorAccessorImpl.newInstance0(Native Method)
	at java.base/jdk.internal.reflect.NativeConstructorAccessorImpl.newInstance(Unknown Source)
	at java.base/jdk.internal.reflect.DelegatingConstructorAccessorImpl.newInstance(Unknown Source)
	at java.base/java.lang.reflect.Constructor.newInstance(Unknown Source)
	at org.openqa.selenium.remote.ErrorHandler.createThrowable(ErrorHandler.java:214)
	at org.openqa.selenium.remote.ErrorHandler.throwIfResponseFailed(ErrorHandler.java:166)
	at org.openqa.selenium.remote.http.JsonHttpResponseCodec.reconstructValue(JsonHttpResponseCodec.java:40)
	at org.openqa.selenium.remote.http.AbstractHttpResponseCodec.decode(AbstractHttpResponseCodec.java:80)
	at org.openqa.selenium.remote.http.AbstractHttpResponseCodec.decode(AbstractHttpResponseCodec.java:44)
	at org.openqa.selenium.remote.HttpCommandExecutor.execute(HttpCommandExecutor.java:158)
	at org.openqa.selenium.remote.service.DriverCommandExecutor.execute(DriverCommandExecutor.java:83)
	at org.openqa.selenium.remote.RemoteWebDriver.execute(RemoteWebDriver.java:552)
	at org.openqa.selenium.remote.RemoteWebDriver.execute(RemoteWebDriver.java:609)
	at org.openqa.selenium.remote.RemoteWebDriver.close(RemoteWebDriver.java:442)
	at com.boral.qa.testcases.LoginTestcases.end(LoginTestcases.java:89)
	at java.base/jdk.internal.reflect.NativeMethodAccessorImpl.invoke0(Native Method)
	at java.base/jdk.internal.reflect.NativeMethodAccessorImpl.invoke(Unknown Source)
	at java.base/jdk.internal.reflect.DelegatingMethodAccessorImpl.invoke(Unknown Source)
	at java.base/java.lang.reflect.Method.invoke(Unknown Source)
	at org.testng.internal.MethodInvocationHelper.invokeMethod(MethodInvocationHelper.java:80)
	at org.testng.internal.Invoker.invokeConfigurationMethod(Invoker.java:564)
	at org.testng.internal.Invoker.invokeConfigurations(Invoker.java:213)
	at org.testng.internal.Invoker.invokeMethod(Invoker.java:786)
	at org.testng.internal.Invoker.invokeTestMethod(Invoker.java:901)
	at org.testng.internal.Invoker.invokeTestMethods(Invoker.java:1231)
	at org.testng.internal.TestMethodWorker.invokeTestMethods(TestMethodWorker.java:127)
	at org.testng.internal.TestMethodWorker.run(TestMethodWorker.java:111)
	at org.testng.TestRunner.privateRun(TestRunner.java:767)
	at org.testng.TestRunner.run(TestRunner.java:617)
	at org.testng.SuiteRunner.runTest(SuiteRunner.java:334)
	at org.testng.SuiteRunner.runSequentially(SuiteRunner.java:329)
	at org.testng.SuiteRunner.privateRun(SuiteRunner.java:291)
	at org.testng.SuiteRunner.run(SuiteRunner.java:240)
	at org.testng.SuiteRunnerWorker.runSuite(SuiteRunnerWorker.java:52)
	at org.testng.SuiteRunnerWorker.run(SuiteRunnerWorker.java:86)
	at org.testng.TestNG.runSuitesSequentially(TestNG.java:1198)
	at org.testng.TestNG.runSuitesLocally(TestNG.java:1123)
	at org.testng.TestNG.run(TestNG.java:1031)
	at org.testng.remote.AbstractRemoteTestNG.run(AbstractRemoteTestNG.java:132)
	at org.testng.remote.RemoteTestNG.initAndRun(RemoteTestNG.java:236)
	at org.testng.remote.RemoteTestNG.main(RemoteTestNG.java:81)
]]>
            </full-stacktrace>
          </exception> <!-- org.openqa.selenium.WebDriverException -->
          <reporter-output>
          </reporter-output>
        </test-method> <!-- end -->
      </class> <!-- com.boral.qa.testcases.LoginTestcases -->
      <class name="com.boral.qa.testcases.HomeTestcases">
        <test-method is-config="true" signature="initialMethod()[pri:0, instance:com.boral.qa.testcases.HomeTestcases@7ee8290b]" started-at="2020-02-19T12:32:03Z" name="initialMethod" finished-at="2020-02-19T12:32:52Z" duration-ms="49261" status="PASS">
          <reporter-output>
          </reporter-output>
        </test-method> <!-- initialMethod -->
        <test-method signature="searchTruck()[pri:0, instance:com.boral.qa.testcases.HomeTestcases@7ee8290b]" started-at="2020-02-19T12:32:52Z" name="searchTruck" finished-at="2020-02-19T12:33:29Z" duration-ms="37253" status="FAIL">
          <exception class="org.openqa.selenium.NoSuchElementException">
            <message>
              <![CDATA[Cannot locate an element using xpath=//span[contains(text(),2030)]
For documentation on this error, please visit: http://seleniumhq.org/exceptions/no_such_element.html
Build info: version: '3.141.0', revision: '2ecb7d9a', time: '2018-10-31T20:09:30'
System info: host: 'INPUSCLP05488', ip: '10.53.136.37', os.name: 'Windows 10', os.arch: 'amd64', os.version: '10.0', java.version: '10.0.1'
Driver info: driver.version: RemoteWebDriver]]>
            </message>
            <full-stacktrace>
              <![CDATA[org.openqa.selenium.NoSuchElementException: Cannot locate an element using xpath=//span[contains(text(),2030)]
For documentation on this error, please visit: http://seleniumhq.org/exceptions/no_such_element.html
Build info: version: '3.141.0', revision: '2ecb7d9a', time: '2018-10-31T20:09:30'
System info: host: 'INPUSCLP05488', ip: '10.53.136.37', os.name: 'Windows 10', os.arch: 'amd64', os.version: '10.0', java.version: '10.0.1'
Driver info: driver.version: RemoteWebDriver
	at org.openqa.selenium.remote.RemoteWebDriver.findElement(RemoteWebDriver.java:327)
	at org.openqa.selenium.remote.RemoteWebDriver.findElementByXPath(RemoteWebDriver.java:428)
	at org.openqa.selenium.By$ByXPath.findElement(By.java:353)
	at org.openqa.selenium.remote.RemoteWebDriver.findElement(RemoteWebDriver.java:315)
	at com.boral.qa.pages.HomePage.searchTruck(HomePage.java:60)
	at com.boral.qa.testcases.HomeTestcases.searchTruck(HomeTestcases.java:57)
	at java.base/jdk.internal.reflect.NativeMethodAccessorImpl.invoke0(Native Method)
	at java.base/jdk.internal.reflect.NativeMethodAccessorImpl.invoke(Unknown Source)
	at java.base/jdk.internal.reflect.DelegatingMethodAccessorImpl.invoke(Unknown Source)
	at java.base/java.lang.reflect.Method.invoke(Unknown Source)
	at org.testng.internal.MethodInvocationHelper.invokeMethod(MethodInvocationHelper.java:80)
	at org.testng.internal.Invoker.invokeMethod(Invoker.java:714)
	at org.testng.internal.Invoker.invokeTestMethod(Invoker.java:901)
	at org.testng.internal.Invoker.invokeTestMethods(Invoker.java:1231)
	at org.testng.internal.TestMethodWorker.invokeTestMethods(TestMethodWorker.java:127)
	at org.testng.internal.TestMethodWorker.run(TestMethodWorker.java:111)
	at org.testng.TestRunner.privateRun(TestRunner.java:767)
	at org.testng.TestRunner.run(TestRunner.java:617)
	at org.testng.SuiteRunner.runTest(SuiteRunner.java:334)
	at org.testng.SuiteRunner.runSequentially(SuiteRunner.java:329)
	at org.testng.SuiteRunner.privateRun(SuiteRunner.java:291)
	at org.testng.SuiteRunner.run(SuiteRunner.java:240)
	at org.testng.SuiteRunnerWorker.runSuite(SuiteRunnerWorker.java:52)
	at org.testng.SuiteRunnerWorker.run(SuiteRunnerWorker.java:86)
	at org.testng.TestNG.runSuitesSequentially(TestNG.java:1198)
	at org.testng.TestNG.runSuitesLocally(TestNG.java:1123)
	at org.testng.TestNG.run(TestNG.java:1031)
	at org.testng.remote.AbstractRemoteTestNG.run(AbstractRemoteTestNG.java:132)
	at org.testng.remote.RemoteTestNG.initAndRun(RemoteTestNG.java:236)
	at org.testng.remote.RemoteTestNG.main(RemoteTestNG.java:81)
]]>
            </full-stacktrace>
          </exception> <!-- org.openqa.selenium.NoSuchElementException -->
          <reporter-output>
          </reporter-output>
        </test-method> <!-- searchTruck -->
        <test-method is-config="true" signature="closeBrowser()[pri:0, instance:com.boral.qa.testcases.HomeTestcases@7ee8290b]" started-at="2020-02-19T12:33:30Z" name="closeBrowser" finished-at="2020-02-19T12:33:31Z" duration-ms="1354" status="PASS">
          <reporter-output>
          </reporter-output>
        </test-method> <!-- closeBrowser -->
      </class> <!-- com.boral.qa.testcases.HomeTestcases -->
    </test> <!-- Default test -->
  </suite> <!-- Default suite -->
</testng-results>
