<html>
<head>
<title>TestNG:  Testing Parameterization</title>
<link href="../testng.css" rel="stylesheet" type="text/css" />
<link href="../my-testng.css" rel="stylesheet" type="text/css" />

<style type="text/css">
.log { display: none;} 
.stack-trace { display: none;} 
</style>
<script type="text/javascript">
<!--
function flip(e) {
  current = e.style.display;
  if (current == 'block') {
    e.style.display = 'none';
    return 0;
  }
  else {
    e.style.display = 'block';
    return 1;
  }
}

function toggleBox(szDivId, elem, msg1, msg2)
{
  var res = -1;  if (document.getElementById) {
    res = flip(document.getElementById(szDivId));
  }
  else if (document.all) {
    // this is the way old msie versions work
    res = flip(document.all[szDivId]);
  }
  if(elem) {
    if(res == 0) elem.innerHTML = msg1; else elem.innerHTML = msg2;
  }

}

function toggleAllBoxes() {
  if (document.getElementsByTagName) {
    d = document.getElementsByTagName('div');
    for (i = 0; i < d.length; i++) {
      if (d[i].className == 'log') {
        flip(d[i]);
      }
    }
  }
}

// -->
</script>

</head>
<body>
<h2 align='center'>Testing Parameterization</h2><table border='1' align="center">
<tr>
<td>Tests passed/Failed/Skipped:</td><td>7/1/0</td>
</tr><tr>
<td>Started on:</td><td>Sat Feb 22 15:42:57 IST 2020</td>
</tr>
<tr><td>Total time:</td><td>262 seconds (262418 ms)</td>
</tr><tr>
<td>Included groups:</td><td></td>
</tr><tr>
<td>Excluded groups:</td><td></td>
</tr>
</table><p/>
<small><i>(Hover the method name to see the test class name)</i></small><p/>
<table width='100%' border='1' class='invocation-failed'>
<tr><td colspan='4' align='center'><b>FAILED TESTS</b></td></tr>
<tr><td><b>Test method</b></td>
<td width="30%"><b>Exception</b></td>
<td width="10%"><b>Time (seconds)</b></td>
<td><b>Instance</b></td>
</tr>
<tr>
<td title='com.boral.qa.testcases.HomeTestcases.searchTruck()'><b>searchTruck</b><br>Test class: com.boral.qa.testcases.HomeTestcases</td>
<td><div><pre>org.openqa.selenium.NoSuchElementException: Cannot locate an element using xpath=//span[contains(text(),2030)]
For documentation on this error, please visit: http://seleniumhq.org/exceptions/no_such_element.html
Build info: version: &apos;3.141.0&apos;, revision: &apos;2ecb7d9a&apos;, time: &apos;2018-10-31T20:09:30&apos;
System info: host: &apos;JITHU&apos;, ip: &apos;192.168.0.104&apos;, os.name: &apos;Windows 10&apos;, os.arch: &apos;amd64&apos;, os.version: &apos;10.0&apos;, java.version: &apos;1.8.0_121&apos;
Driver info: driver.version: RemoteWebDriver
	at org.openqa.selenium.remote.RemoteWebDriver.findElement(RemoteWebDriver.java:327)
	at org.openqa.selenium.remote.RemoteWebDriver.findElementByXPath(RemoteWebDriver.java:428)
	at org.openqa.selenium.By$ByXPath.findElement(By.java:353)
	at org.openqa.selenium.remote.RemoteWebDriver.findElement(RemoteWebDriver.java:315)
	at com.boral.qa.pages.HomePage.searchTruck(HomePage.java:60)
	at com.boral.qa.testcases.HomeTestcases.searchTruck(HomeTestcases.java:57)
... Removed 24 stack frames</pre></div><a href='#' onClick='toggleBox("stack-trace1810518740", this, "Click to show all stack frames", "Click to hide stack frames")'>Click to show all stack frames</a>
<div class='stack-trace' id='stack-trace1810518740'><pre>org.openqa.selenium.NoSuchElementException: Cannot locate an element using xpath=//span[contains(text(),2030)]
For documentation on this error, please visit: http://seleniumhq.org/exceptions/no_such_element.html
Build info: version: &apos;3.141.0&apos;, revision: &apos;2ecb7d9a&apos;, time: &apos;2018-10-31T20:09:30&apos;
System info: host: &apos;JITHU&apos;, ip: &apos;192.168.0.104&apos;, os.name: &apos;Windows 10&apos;, os.arch: &apos;amd64&apos;, os.version: &apos;10.0&apos;, java.version: &apos;1.8.0_121&apos;
Driver info: driver.version: RemoteWebDriver
	at org.openqa.selenium.remote.RemoteWebDriver.findElement(RemoteWebDriver.java:327)
	at org.openqa.selenium.remote.RemoteWebDriver.findElementByXPath(RemoteWebDriver.java:428)
	at org.openqa.selenium.By$ByXPath.findElement(By.java:353)
	at org.openqa.selenium.remote.RemoteWebDriver.findElement(RemoteWebDriver.java:315)
	at com.boral.qa.pages.HomePage.searchTruck(HomePage.java:60)
	at com.boral.qa.testcases.HomeTestcases.searchTruck(HomeTestcases.java:57)
	at sun.reflect.NativeMethodAccessorImpl.invoke0(Native Method)
	at sun.reflect.NativeMethodAccessorImpl.invoke(Unknown Source)
	at sun.reflect.DelegatingMethodAccessorImpl.invoke(Unknown Source)
	at java.lang.reflect.Method.invoke(Unknown Source)
	at org.testng.internal.MethodInvocationHelper.invokeMethod(MethodInvocationHelper.java:80)
	at org.testng.internal.Invoker.invokeMethod(Invoker.java:714)
	at org.testng.internal.Invoker.invokeTestMethod(Invoker.java:901)
	at org.testng.internal.Invoker.invokeTestMethods(Invoker.java:1231)
	at org.testng.internal.TestMethodWorker.invokeTestMethods(TestMethodWorker.java:127)
	at org.testng.internal.TestMethodWorker.run(TestMethodWorker.java:111)
	at org.testng.TestRunner.privateRun(TestRunner.java:767)
	at org.testng.TestRunner.run(TestRunner.java:617)
	at org.testng.SuiteRunner.runTest(SuiteRunner.java:334)
	at org.testng.SuiteRunner.runSequentially(SuiteRunner.java:329)
	at org.testng.SuiteRunner.privateRun(SuiteRunner.java:291)
	at org.testng.SuiteRunner.run(SuiteRunner.java:240)
	at org.testng.SuiteRunnerWorker.runSuite(SuiteRunnerWorker.java:52)
	at org.testng.SuiteRunnerWorker.run(SuiteRunnerWorker.java:86)
	at org.testng.TestNG.runSuitesSequentially(TestNG.java:1198)
	at org.testng.TestNG.runSuitesLocally(TestNG.java:1123)
	at org.testng.TestNG.run(TestNG.java:1031)
	at org.testng.remote.AbstractRemoteTestNG.run(AbstractRemoteTestNG.java:114)
	at org.testng.remote.RemoteTestNG.initAndRun(RemoteTestNG.java:251)
	at org.testng.remote.RemoteTestNG.main(RemoteTestNG.java:77)
</pre></div></td>
<td>73</td>
<td>com.boral.qa.testcases.HomeTestcases@4c70fda8</td></tr>
</table><p>
<table width='100%' border='1' class='invocation-passed'>
<tr><td colspan='4' align='center'><b>PASSED TESTS</b></td></tr>
<tr><td><b>Test method</b></td>
<td width="30%"><b>Exception</b></td>
<td width="10%"><b>Time (seconds)</b></td>
<td><b>Instance</b></td>
</tr>
<tr>
<td title='com.boral.qa.testcases.LoginTestcases.BlankCredTest()'><b>BlankCredTest</b><br>Test class: com.boral.qa.testcases.LoginTestcases</td>
<td></td>
<td>0</td>
<td>com.boral.qa.testcases.LoginTestcases@3532ec19</td></tr>
<tr>
<td title='com.boral.qa.testcases.LoginTestcases.BlankPasswordTest()'><b>BlankPasswordTest</b><br>Test class: com.boral.qa.testcases.LoginTestcases</td>
<td></td>
<td>1</td>
<td>com.boral.qa.testcases.LoginTestcases@3532ec19</td></tr>
<tr>
<td title='com.boral.qa.testcases.LoginTestcases.BlankUsernameTest()'><b>BlankUsernameTest</b><br>Test class: com.boral.qa.testcases.LoginTestcases</td>
<td></td>
<td>0</td>
<td>com.boral.qa.testcases.LoginTestcases@3532ec19</td></tr>
<tr>
<td title='com.boral.qa.testcases.LoginTestcases.LoginTest()'><b>LoginTest</b><br>Test class: com.boral.qa.testcases.LoginTestcases<br>Parameters: ashwini.nayak@boral.com.au, Passw0rd!</td>
<td></td>
<td>11</td>
<td>com.boral.qa.testcases.LoginTestcases@3532ec19</td></tr>
<tr>
<td title='com.boral.qa.testcases.LoginTestcases.LoginTest()'><b>LoginTest</b><br>Test class: com.boral.qa.testcases.LoginTestcases<br>Parameters: chauhan.ashutosh@boral.com.au, Ashu@1980</td>
<td></td>
<td>10</td>
<td>com.boral.qa.testcases.LoginTestcases@3532ec19</td></tr>
<tr>
<td title='com.boral.qa.testcases.LoginTestcases.WrongPasswordTest()'><b>WrongPasswordTest</b><br>Test class: com.boral.qa.testcases.LoginTestcases</td>
<td></td>
<td>2</td>
<td>com.boral.qa.testcases.LoginTestcases@3532ec19</td></tr>
<tr>
<td title='com.boral.qa.testcases.LoginTestcases.WrongUsernameTest()'><b>WrongUsernameTest</b><br>Test class: com.boral.qa.testcases.LoginTestcases</td>
<td></td>
<td>1</td>
<td>com.boral.qa.testcases.LoginTestcases@3532ec19</td></tr>
</table><p>
</body>
</html>