<?xml version="1.0" encoding="UTF-8"?>
<!-- Generated by org.testng.reporters.JUnitXMLReporter -->
<testsuite hostname="Jithu" name="Testing Parameterization" tests="8" failures="1" timestamp="22 Feb 2020 10:17:19 GMT" time="262.418" errors="0">
  <testcase name="searchTruck" time="73.073" classname="com.boral.qa.testcases.HomeTestcases">
    <failure type="org.openqa.selenium.NoSuchElementException" message="Cannot locate an element using xpath=//span[contains(text(),2030)]
For documentation on this error, please visit: http://seleniumhq.org/exceptions/no_such_element.html
Build info: version: &amp;apos;3.141.0&amp;apos;, revision: &amp;apos;2ecb7d9a&amp;apos;, time: &amp;apos;2018-10-31T20:09:30&amp;apos;
System info: host: &amp;apos;JITHU&amp;apos;, ip: &amp;apos;192.168.0.104&amp;apos;, os.name: &amp;apos;Windows 10&amp;apos;, os.arch: &amp;apos;amd64&amp;apos;, os.version: &amp;apos;10.0&amp;apos;, java.version: &amp;apos;1.8.0_121&amp;apos;
Driver info: driver.version: RemoteWebDriver">
      <![CDATA[org.openqa.selenium.NoSuchElementException: Cannot locate an element using xpath=//span[contains(text(),2030)]
For documentation on this error, please visit: http://seleniumhq.org/exceptions/no_such_element.html
Build info: version: '3.141.0', revision: '2ecb7d9a', time: '2018-10-31T20:09:30'
System info: host: 'JITHU', ip: '192.168.0.104', os.name: 'Windows 10', os.arch: 'amd64', os.version: '10.0', java.version: '1.8.0_121'
Driver info: driver.version: RemoteWebDriver
	at org.openqa.selenium.remote.RemoteWebDriver.findElement(RemoteWebDriver.java:327)
	at org.openqa.selenium.remote.RemoteWebDriver.findElementByXPath(RemoteWebDriver.java:428)
	at org.openqa.selenium.By$ByXPath.findElement(By.java:353)
	at org.openqa.selenium.remote.RemoteWebDriver.findElement(RemoteWebDriver.java:315)
	at com.boral.qa.pages.HomePage.searchTruck(HomePage.java:60)
	at com.boral.qa.testcases.HomeTestcases.searchTruck(HomeTestcases.java:57)
... Removed 24 stack frames]]>
    </failure>
  </testcase> <!-- searchTruck -->
  <testcase name="BlankCredTest" time="0.502" classname="com.boral.qa.testcases.LoginTestcases"/>
  <testcase name="BlankPasswordTest" time="1.551" classname="com.boral.qa.testcases.LoginTestcases"/>
  <testcase name="BlankUsernameTest" time="0.547" classname="com.boral.qa.testcases.LoginTestcases"/>
  <testcase name="WrongPasswordTest" time="2.778" classname="com.boral.qa.testcases.LoginTestcases"/>
  <testcase name="WrongUsernameTest" time="1.955" classname="com.boral.qa.testcases.LoginTestcases"/>
  <testcase name="LoginTest" time="11.557" classname="com.boral.qa.testcases.LoginTestcases"/>
  <testcase name="LoginTest" time="10.426" classname="com.boral.qa.testcases.LoginTestcases"/>
</testsuite> <!-- Testing Parameterization -->
